0 info it worked if it ends with ok
1 verbose cli [ 'C:\\Program Files\\nodejs\\node.exe',
1 verbose cli   'C:\\Program Files\\nodejs\\node_modules\\npm\\bin\\npm-cli.js',
1 verbose cli   'start' ]
2 info using npm@3.10.10
3 info using node@v6.11.3
4 verbose run-script [ 'prestart', 'start', 'poststart' ]
5 info lifecycle ionic2-roles@0.1.0~prestart: ionic2-roles@0.1.0
6 silly lifecycle ionic2-roles@0.1.0~prestart: no script for prestart, continuing
7 info lifecycle ionic2-roles@0.1.0~start: ionic2-roles@0.1.0
8 verbose lifecycle ionic2-roles@0.1.0~start: unsafe-perm in lifecycle true
9 verbose lifecycle ionic2-roles@0.1.0~start: PATH: C:\Program Files\nodejs\node_modules\npm\bin\node-gyp-bin;C:\Users\wulian\myproject\server\node_modules\.bin;C:\Program Files (x86)\Common Files\Oracle\Java\javapath;C:\WINDOWS\system32;C:\WINDOWS;C:\WINDOWS\System32\Wbem;C:\Program Files (x86)\Hyland\Web ActiveX\;C:\WINDOWS\System32\WindowsPowerShell\v1.0\;C:\WINDOWS\System32\WindowsPowerShell\v1.0\;C:\Program Files (x86)\ProSolv CardioVascular\SCV Maintenance Service\;C:\WINDOWS\System32\WindowsPowerShell\v1.0\;C:\Program Files\nodejs\;C:\Program Files\MongoDB\Server\3.4\bin;C:\Program Files\Microsoft System Center 2012 R2\Service Manager\;C:\Program Files (x86)\PuTTY\;C:\Program Files\Git\cmd;C:\Program Files\Java\jdk1.8.0_181;C:\Users\wulian\AppData\Roaming\npm;C:\Users\wulian\AppData\Local\Android\tools;C:\Users\wulian\AppData\Local\Android\platform-tools
10 verbose lifecycle ionic2-roles@0.1.0~start: CWD: C:\Users\wulian\myproject\server
11 silly lifecycle ionic2-roles@0.1.0~start: Args: [ '/d /s /c', 'node server.js' ]
12 silly lifecycle ionic2-roles@0.1.0~start: Returned: code: 1  signal: null
13 info lifecycle ionic2-roles@0.1.0~start: Failed to exec start script
14 verbose stack Error: ionic2-roles@0.1.0 start: `node server.js`
14 verbose stack Exit status 1
14 verbose stack     at EventEmitter.<anonymous> (C:\Program Files\nodejs\node_modules\npm\lib\utils\lifecycle.js:255:16)
14 verbose stack     at emitTwo (events.js:106:13)
14 verbose stack     at EventEmitter.emit (events.js:191:7)
14 verbose stack     at ChildProcess.<anonymous> (C:\Program Files\nodejs\node_modules\npm\lib\utils\spawn.js:40:14)
14 verbose stack     at emitTwo (events.js:106:13)
14 verbose stack     at ChildProcess.emit (events.js:191:7)
14 verbose stack     at maybeClose (internal/child_process.js:920:16)
14 verbose stack     at Process.ChildProcess._handle.onexit (internal/child_process.js:230:5)
15 verbose pkgid ionic2-roles@0.1.0
16 verbose cwd C:\Users\wulian\myproject\server
17 error Windows_NT 6.1.7601
18 error argv "C:\\Program Files\\nodejs\\node.exe" "C:\\Program Files\\nodejs\\node_modules\\npm\\bin\\npm-cli.js" "start"
19 error node v6.11.3
20 error npm  v3.10.10
21 error code ELIFECYCLE
22 error ionic2-roles@0.1.0 start: `node server.js`
22 error Exit status 1
23 error Failed at the ionic2-roles@0.1.0 start script 'node server.js'.
23 error Make sure you have the latest version of node.js and npm installed.
23 error If you do, this is most likely a problem with the ionic2-roles package,
23 error not with npm itself.
23 error Tell the author that this fails on your system:
23 error     node server.js
23 error You can get information on how to open an issue for this project with:
23 error     npm bugs ionic2-roles
23 error Or if that isn't available, you can get their info via:
23 error     npm owner ls ionic2-roles
23 error There is likely additional logging output above.
24 verbose exit [ 1, true ]
